<?xml version="1.0" encoding="UTF-8"?>
<!-- Generated by org.testng.reporters.JUnitReportReporter -->
<testsuite hostname="Lenovo" failures="0" tests="3" name="practice.Prioritytest" time="0.047" errors="0" timestamp="2022-01-21T09:50:19 IST" skipped="0">
  <testcase classname="practice.Prioritytest" name="method3" time="0.029"/>
  <system-out/>
  <testcase classname="practice.Prioritytest" name="method2" time="0.008"/>
  <system-out/>
  <testcase classname="practice.Prioritytest" name="method1" time="0.010"/>
  <system-out/>
</testsuite> <!-- practice.Prioritytest -->
