<?xml version="1.0" encoding="UTF-8"?>
<!-- Generated by org.testng.reporters.JUnitReportReporter -->
<testsuite hostname="Lenovo" failures="0" tests="4" name="practice.Invocationcounttest" time="0.057" errors="0" timestamp="2022-01-21T09:53:41 IST" skipped="0">
  <testcase classname="practice.Invocationcounttest" name="invocmethod1" time="0.030"/>
  <system-out/>
  <testcase classname="practice.Invocationcounttest" name="invocmethod1" time="0.010"/>
  <system-out/>
  <testcase classname="practice.Invocationcounttest" name="invocmethod1" time="0.004"/>
  <system-out/>
  <testcase classname="practice.Invocationcounttest" name="invocmethod1" time="0.013"/>
  <system-out/>
</testsuite> <!-- practice.Invocationcounttest -->
