<?xml version="1.0" encoding="UTF-8"?>
<!-- Generated by org.testng.reporters.JUnitReportReporter -->
<testsuite hostname="Lenovo" failures="0" tests="1" name="Com.crm.ContactTest.Contacttest" time="64.382" errors="0" timestamp="2022-02-01T17:02:51 IST" skipped="0">
  <testcase classname="Com.crm.ContactTest.Contacttest" name="createcontactwithIndustrytest" time="64.382"/>
  <system-out/>
</testsuite> <!-- Com.crm.ContactTest.Contacttest -->
