<?xml version="1.0" encoding="UTF-8"?>
<!-- Generated by org.testng.reporters.JUnitReportReporter -->
<testsuite hostname="Lenovo" failures="0" tests="3" name="practice.Dataprovider" time="0.057" errors="0" timestamp="2022-01-21T09:42:27 IST" skipped="0">
  <testcase classname="practice.Dataprovider" name="dataprovidertest" time="0.029"/>
  <system-out/>
  <testcase classname="practice.Dataprovider" name="dataprovidertest" time="0.016"/>
  <system-out/>
  <testcase classname="practice.Dataprovider" name="dataprovidertest" time="0.012"/>
  <system-out/>
</testsuite> <!-- practice.Dataprovider -->
