<?xml version="1.0" encoding="UTF-8"?>
<!-- Generated by org.testng.reporters.JUnitReportReporter -->
<testsuite hostname="Lenovo" failures="0" tests="1" name="comcast_Organizationtest.Organizationtest" time="43.174" errors="0" timestamp="2022-02-01T17:02:51 IST" skipped="0">
  <testcase classname="comcast_Organizationtest.Organizationtest" name="createOrgwithindustrytest" time="43.174"/>
  <system-out/>
</testsuite> <!-- comcast_Organizationtest.Organizationtest -->
