<?xml version="1.0" encoding="UTF-8"?>
<!-- Generated by org.testng.reporters.JUnitReportReporter -->
<testsuite hostname="Lenovo" failures="0" tests="2" name="Com.crm.ContactTest.CreateContacttest" time="139.560" errors="0" timestamp="2022-01-21T10:26:33 IST" skipped="0">
  <testcase classname="Com.crm.ContactTest.CreateContacttest" name="createcontacttest" time="67.242"/>
  <system-out/>
  <testcase classname="Com.crm.ContactTest.CreateContacttest" name="createcontactwithIndustry" time="72.318"/>
  <system-out/>
</testsuite> <!-- Com.crm.ContactTest.CreateContacttest -->
